<?xml version="1.0" encoding="UTF-8"?>
<!-- Generated by org.testng.reporters.JUnitReportReporter -->
<testsuite skipped="0" hostname="Source-4443" name="com.utailerProject.test.DashBoardTesting" tests="2" failures="0" timestamp="28 May 2019 10:11:30 GMT" time="27.974" errors="0">
  <testcase name="verifyDasboardTitle" time="11.313" classname="com.utailerProject.test.DashBoardTesting"/>
  <testcase name="verifyMenLink" time="16.661" classname="com.utailerProject.test.DashBoardTesting"/>
</testsuite> <!-- com.utailerProject.test.DashBoardTesting -->
