<?xml version="1.0" encoding="UTF-8"?>
<!-- Generated by org.testng.reporters.JUnitReportReporter -->
<testsuite skipped="0" hostname="Source-4443" name="com.utailerProject.Test.DeshBoard" tests="1" failures="0" timestamp="28 May 2019 07:27:45 GMT" time="11.693" errors="0">
  <testcase name="verifyDasboardTitle" time="11.693" classname="com.utailerProject.Test.DeshBoard"/>
</testsuite> <!-- com.utailerProject.Test.DeshBoard -->
