<?xml version="1.0" encoding="UTF-8"?>
<!-- Generated by org.testng.reporters.JUnitReportReporter -->
<testsuite skipped="0" hostname="Source-4443" name="com.utailerProject.test.DashBoardTesting" tests="2" failures="0" timestamp="18 Jun 2019 11:46:37 GMT" time="63.214" errors="0">
  <testcase name="verifyDasboardTitle" time="37.257" classname="com.utailerProject.test.DashBoardTesting"/>
  <testcase name="verifyMenLink" time="25.957" classname="com.utailerProject.test.DashBoardTesting"/>
</testsuite> <!-- com.utailerProject.test.DashBoardTesting -->
