<?xml version="1.0" encoding="UTF-8"?>
<!-- Generated by org.testng.reporters.JUnitReportReporter -->
<testsuite skipped="0" hostname="Source-4443" name="com.utailerProject.test.DashBoardTesting" tests="2" failures="0" timestamp="28 May 2019 10:52:27 GMT" time="30.069" errors="0">
  <testcase name="verifyDasboardTitle" time="11.457" classname="com.utailerProject.test.DashBoardTesting"/>
  <testcase name="verifyMenLink" time="18.612" classname="com.utailerProject.test.DashBoardTesting"/>
</testsuite> <!-- com.utailerProject.test.DashBoardTesting -->
