<?xml version="1.0" encoding="UTF-8"?>
<!-- Generated by org.testng.reporters.JUnitReportReporter -->
<testsuite skipped="0" hostname="Source-4443" name="com.utailerProject.test.DashBoardTesting" tests="2" failures="0" timestamp="06 Jun 2019 06:12:06 GMT" time="50.751" errors="0">
  <testcase name="verifyDasboardTitle" time="29.135" classname="com.utailerProject.test.DashBoardTesting"/>
  <testcase name="verifyMenLink" time="21.616" classname="com.utailerProject.test.DashBoardTesting"/>
</testsuite> <!-- com.utailerProject.test.DashBoardTesting -->
